-------------------------------------------------------------------------------
Test set: com.ice.rover.rover.RoverApplicationTests
-------------------------------------------------------------------------------
Tests run: 1, Failures: 0, Errors: 1, Skipped: 0, Time elapsed: 0.655 s <<< FAILURE! - in com.ice.rover.rover.RoverApplicationTests
contextLoads  Time elapsed: 0.003 s  <<< ERROR!
java.lang.IllegalStateException: Failed to load ApplicationContext for [WebMergedContextConfiguration@62a4417 testClass = com.ice.rover.rover.RoverApplicationTests, locations = [], classes = [com.ice.rover.rover.RoverApplication], contextInitializerClasses = [], activeProfiles = [], propertySourceLocations = [], propertySourceProperties = ["org.springframework.boot.test.context.SpringBootTestContextBootstrapper=true"], contextCustomizers = [org.springframework.boot.test.context.filter.ExcludeFilterContextCustomizer@6a6afff2, org.springframework.boot.test.json.DuplicateJsonObjectContextCustomizerFactory$DuplicateJsonObjectContextCustomizer@62e7f11d, org.springframework.boot.test.mock.mockito.MockitoContextCustomizer@0, org.springframework.boot.test.web.client.TestRestTemplateContextCustomizer@55536d9e, org.springframework.boot.test.autoconfigure.actuate.observability.ObservabilityContextCustomizerFactory$DisableObservabilityContextCustomizer@9da1, org.springframework.boot.test.autoconfigure.properties.PropertyMappingContextCustomizer@0, org.springframework.boot.test.autoconfigure.web.servlet.WebDriverContextCustomizerFactory$Customizer@34f5090e, org.springframework.boot.test.context.SpringBootTestAnnotation@5b739a4f], resourceBasePath = "src/main/webapp", contextLoader = org.springframework.boot.test.context.SpringBootContextLoader, parent = null]
Caused by: org.springframework.beans.factory.UnsatisfiedDependencyException: Error creating bean with name 'moonRoverController': Unsatisfied dependency expressed through field 'moonRoverOperations': Error creating bean with name 'moonRoverOperations': Unsatisfied dependency expressed through field 'moonRoverHelper': Error creating bean with name 'moonRoverHelper': Injection of autowired dependencies failed
Caused by: org.springframework.beans.factory.UnsatisfiedDependencyException: Error creating bean with name 'moonRoverOperations': Unsatisfied dependency expressed through field 'moonRoverHelper': Error creating bean with name 'moonRoverHelper': Injection of autowired dependencies failed
Caused by: org.springframework.beans.factory.BeanCreationException: Error creating bean with name 'moonRoverHelper': Injection of autowired dependencies failed
Caused by: java.lang.IllegalArgumentException: Could not resolve placeholder 'xaxis.of.board.dimension' in value "${xaxis.of.board.dimension}"

